#
# A fatal error has been detected by the Java Runtime Environment:
#
#  EXCEPTION_ACCESS_VIOLATION (0xc0000005) at pc=0x0000000066dbd126, pid=4708, tid=0x00000000000011c4
#
# JRE version: Java(TM) SE Runtime Environment (8.0_121-b13) (build 1.8.0_121-b13)
# Java VM: Java HotSpot(TM) 64-Bit Server VM (25.121-b13 mixed mode windows-amd64 compressed oops)
# Problematic frame:
# V  [jvm.dll+0x49d126]
#
# Failed to write core dump. Minidumps are not enabled by default on client versions of Windows
#
# If you would like to submit a bug report, please visit:
#   http://bugreport.java.com/bugreport/crash.jsp
#

---------------  T H R E A D  ---------------

Current thread (0x000000005780a800):  JavaThread "C2 CompilerThread1" daemon [_thread_in_native, id=4548, stack(0x0000000058170000,0x0000000058270000)]

siginfo: ExceptionCode=0xc0000005, reading address 0xffffffffffffffff

Registers:
RAX=0x000000005dc2e0b0, RBX=0x0000000000000003, RCX=0x0000000000000004, RDX=0x0000000000000004
RSP=0x000000005826c2e0, RBP=0x000000000005bcb0, RSI=0x0000000000000d1d, RDI=0x000000005dc2e0a0
R8 =0x0000000000000008, R9 =0x00c900006713be10, R10=0x000000005826c650, R11=0x000000000000000d
R12=0x000000005d134d80, R13=0x000000005826c940, R14=0x0000000066920000, R15=0x000000006713be10
RIP=0x0000000066dbd126, EFLAGS=0x0000000000010202

Top of Stack: (sp=0x000000005826c2e0)
0x000000005826c2e0:   000000005826c4c0 0000000000000007
0x000000005826c2f0:   000000000005bcb0 0000000000000d1d
0x000000005826c300:   0000008500000000 0000000000000005
0x000000005826c310:   0000000059c386a0 0000000000000001
0x000000005826c320:   000000005826c4d0 000000000000000e
0x000000005826c330:   000000005826c4c0 0000000066df8684
0x000000005826c340:   0000000000000006 000000005ce63350
0x000000005826c350:   000000005ea2d100 000000005826c940
0x000000005826c360:   000000005826c940 0000000066dbe5d8
0x000000005826c370:   000000000005bcb0 0000000000000007
0x000000005826c380:   000000005826c470 000000005d181e28
0x000000005826c390:   0000000800000000 000000000000000e
0x000000005826c3a0:   000000005ce63350 00000d1d000000cc
0x000000005826c3b0:   0000068c0000000d 0000000000000007
0x000000005826c3c0:   0000000005155455 0000000000000000
0x000000005826c3d0:   0000000000000000 0000000000000000 

Instructions: (pc=0x0000000066dbd126)
0x0000000066dbd106:   26 44 00 00 4c 8b c8 8b d3 83 e3 1f 41 b8 01 00
0x0000000066dbd116:   00 00 c1 ea 05 0f b6 cb 83 e2 07 41 d3 e0 8b ca
0x0000000066dbd126:   41 8b 14 91 8b c2 41 0b c0 41 89 04 89 41 85 d0
0x0000000066dbd136:   0f 85 a4 fe ff ff ff 07 e9 9d fe ff ff 48 8b bc 


Register to memory mapping:

RAX=0x000000005dc2e0b0 is an unknown value
RBX=0x0000000000000003 is an unknown value
RCX=0x0000000000000004 is an unknown value
RDX=0x0000000000000004 is an unknown value
RSP=0x000000005826c2e0 is pointing into the stack for thread: 0x000000005780a800
RBP=0x000000000005bcb0 is an unknown value
RSI=0x0000000000000d1d is an unknown value
RDI=0x000000005dc2e0a0 is an unknown value
R8 =0x0000000000000008 is an unknown value
R9 =0x00c900006713be10 is an unknown value
R10=0x000000005826c650 is pointing into the stack for thread: 0x000000005780a800
R11=0x000000000000000d is an unknown value
R12=0x000000005d134d80 is an unknown value
R13=0x000000005826c940 is pointing into the stack for thread: 0x000000005780a800
R14=0x0000000066920000 is an unknown value
R15=0x000000006713be10 is an unknown value


Stack: [0x0000000058170000,0x0000000058270000],  sp=0x000000005826c2e0,  free space=1008k
Native frames: (J=compiled Java code, j=interpreted, Vv=VM code, C=native code)
V  [jvm.dll+0x49d126]
V  [jvm.dll+0x49e5d8]
V  [jvm.dll+0x4688f7]
V  [jvm.dll+0x473f5b]
V  [jvm.dll+0x476867]
V  [jvm.dll+0x4591e2]
V  [jvm.dll+0xa5ca2]
V  [jvm.dll+0xa65df]
V  [jvm.dll+0x244e1f]
V  [jvm.dll+0x29c69a]
C  [msvcr100.dll+0x21d9f]
C  [msvcr100.dll+0x21e3b]
C  [kernel32.dll+0x1652d]
C  [ntdll.dll+0x2c521]


Current CompileTask:
C2:5942714 17368       4       com.android.dx.dex.file.DebugInfoEncoder::emitLocalsAtAddress (150 bytes)


---------------  P R O C E S S  ---------------

Java Threads: ( => current thread )
  0x0000000058549000 JavaThread "pool-37-thread-1" [_thread_blocked, id=3688, stack(0x0000000064490000,0x0000000064590000)]
  0x0000000059ae3800 JavaThread "Stdin handler" [_thread_blocked, id=4600, stack(0x00000000612e0000,0x00000000613e0000)]
  0x0000000059ae5000 JavaThread "Asynchronous log dispatcher for org.gradle.launcher.daemon.server.DefaultDaemonConnection@31efb2b0" [_thread_blocked, id=4128, stack(0x000000005ace0000,0x000000005ade0000)]
  0x0000000059ae2800 JavaThread "Daemon worker Thread 5" [_thread_in_native, id=3264, stack(0x000000005abe0000,0x000000005ace0000)]
  0x0000000059ae1000 JavaThread "Cancel handler" [_thread_blocked, id=2556, stack(0x000000005a4a0000,0x000000005a5a0000)]
  0x0000000059ae2000 JavaThread "Handler for socket connection from /127.0.0.1:49219 to /127.0.0.1:53087" [_thread_in_native, id=2468, stack(0x000000005a5f0000,0x000000005a6f0000)]
  0x0000000059ae4000 JavaThread "Daemon Thread 5" [_thread_blocked, id=4224, stack(0x000000005a340000,0x000000005a440000)]
  0x0000000058548800 JavaThread "pool-11-thread-4" [_thread_blocked, id=5064, stack(0x00000000615f0000,0x00000000616f0000)]
  0x000000005cce0000 JavaThread "pool-11-thread-3" [_thread_blocked, id=2480, stack(0x000000005a760000,0x000000005a860000)]
  0x000000005cce2000 JavaThread "pool-11-thread-2" [_thread_blocked, id=2560, stack(0x00000000647e0000,0x00000000648e0000)]
  0x000000005ccde800 JavaThread "pool-11-thread-1" [_thread_blocked, id=4772, stack(0x00000000646e0000,0x00000000647e0000)]
  0x0000000059adf800 JavaThread "File lock request listener" [_thread_in_native, id=1952, stack(0x000000005c2c0000,0x000000005c3c0000)]
  0x000000005921c800 JavaThread "Incoming local TCP Connector on port 49219" [_thread_in_native, id=3092, stack(0x0000000059fe0000,0x000000005a0e0000)]
  0x00000000591a9000 JavaThread "pool-1-thread-1" [_thread_blocked, id=3812, stack(0x0000000059e90000,0x0000000059f90000)]
  0x0000000057890000 JavaThread "Service Thread" daemon [_thread_blocked, id=3424, stack(0x00000000583d0000,0x00000000584d0000)]
  0x000000005780b800 JavaThread "C1 CompilerThread2" daemon [_thread_blocked, id=4184, stack(0x00000000582a0000,0x00000000583a0000)]
=>0x000000005780a800 JavaThread "C2 CompilerThread1" daemon [_thread_in_native, id=4548, stack(0x0000000058170000,0x0000000058270000)]
  0x0000000057805000 JavaThread "C2 CompilerThread0" daemon [_thread_blocked, id=5084, stack(0x0000000058040000,0x0000000058140000)]
  0x0000000057801000 JavaThread "Attach Listener" daemon [_thread_blocked, id=5104, stack(0x0000000057dc0000,0x0000000057ec0000)]
  0x0000000057800800 JavaThread "Signal Dispatcher" daemon [_thread_blocked, id=2876, stack(0x0000000057c80000,0x0000000057d80000)]
  0x000000005645e800 JavaThread "Finalizer" daemon [_thread_blocked, id=4376, stack(0x0000000057700000,0x0000000057800000)]
  0x0000000056417800 JavaThread "Reference Handler" daemon [_thread_blocked, id=4704, stack(0x00000000575d0000,0x00000000576d0000)]
  0x00000000022dd800 JavaThread "main" [_thread_blocked, id=4372, stack(0x0000000002490000,0x0000000002590000)]

Other Threads:
  0x000000005640c000 VMThread [stack: 0x0000000057370000,0x0000000057470000] [id=4268]
  0x0000000057894000 WatcherThread [stack: 0x0000000057ec0000,0x0000000057fc0000] [id=1348]

VM state:not at safepoint (normal execution)

VM Mutex/Monitor currently owned by a thread: None

Heap:
 PSYoungGen      total 442368K, used 145336K [0x00000000e0000000, 0x0000000100000000, 0x0000000100000000)
  eden space 370176K, 35% used [0x00000000e0000000,0x00000000e81e42e8,0x00000000f6980000)
  from space 72192K, 17% used [0x00000000fad80000,0x00000000fb989ff0,0x00000000ff400000)
  to   space 69632K, 0% used [0x00000000f6980000,0x00000000f6980000,0x00000000fad80000)
 ParOldGen       total 181248K, used 48617K [0x00000000a0000000, 0x00000000ab100000, 0x00000000e0000000)
  object space 181248K, 26% used [0x00000000a0000000,0x00000000a2f7a6a8,0x00000000ab100000)
 Metaspace       used 70970K, capacity 74086K, committed 74240K, reserved 1114112K
  class space    used 9314K, capacity 9886K, committed 9984K, reserved 1048576K

Card table byte_map: [0x0000000011c20000,0x0000000011f30000] byte_map_base: 0x0000000011720000

Marking Bits: (ParMarkBitMap*) 0x000000006713b6d0
 Begin Bits: [0x0000000012780000, 0x0000000013f80000)
 End Bits:   [0x0000000013f80000, 0x0000000015780000)

Polling page: 0x0000000000330000

CodeCache: size=245760Kb used=47591Kb max_used=47738Kb free=198168Kb
 bounds [0x0000000002860000, 0x0000000005740000, 0x0000000011860000]
 total_blobs=14181 nmethods=13422 adapters=670
 compilation: enabled

Compilation events (10 events):
Event: 5940.817 Thread 0x000000005780b800 nmethod 17536 0x000000000572c590 code [0x000000000572c720, 0x000000000572caa8]
Event: 5940.817 Thread 0x000000005780b800 17518       1       com.google.common.collect.RegularImmutableMap$NonTerminalMapEntry::getNextInKeyBucket (5 bytes)
Event: 5940.818 Thread 0x000000005780b800 nmethod 17518 0x00000000057094d0 code [0x0000000005709620, 0x0000000005709730]
Event: 5940.827 Thread 0x0000000057805000 nmethod 17522 0x00000000057300d0 code [0x0000000005730240, 0x0000000005730a78]
Event: 5940.827 Thread 0x0000000057805000 17523       4       java.util.jar.Manifest::getAttributes (14 bytes)
Event: 5940.837 Thread 0x0000000057805000 nmethod 17523 0x0000000005730f50 code [0x00000000057310c0, 0x00000000057315c8]
Event: 5940.838 Thread 0x0000000057805000 17519       4       com.google.common.collect.Hashing::smear (13 bytes)
Event: 5940.838 Thread 0x0000000057805000 nmethod 17519 0x0000000004fbed10 code [0x0000000004fbee40, 0x0000000004fbee98]
Event: 5940.842 Thread 0x0000000057805000 17537       4       java.util.zip.InflaterInputStream::fill (60 bytes)
Event: 5940.856 Thread 0x0000000057805000 nmethod 17537 0x000000000572d110 code [0x000000000572d2e0, 0x000000000572def0]

GC Heap History (10 events):
Event: 5836.783 GC heap before
{Heap before GC invocations=31 (full 7):
 PSYoungGen      total 348672K, used 50677K [0x00000000e0000000, 0x00000000fbf00000, 0x0000000100000000)
  eden space 297984K, 0% used [0x00000000e0000000,0x00000000e0000000,0x00000000f2300000)
  from space 50688K, 99% used [0x00000000f6500000,0x00000000f967d660,0x00000000f9680000)
  to   space 67584K, 0% used [0x00000000f2300000,0x00000000f2300000,0x00000000f6500000)
 ParOldGen       total 104960K, used 104959K [0x00000000a0000000, 0x00000000a6680000, 0x00000000e0000000)
  object space 104960K, 99% used [0x00000000a0000000,0x00000000a667ff38,0x00000000a6680000)
 Metaspace       used 68176K, capacity 70928K, committed 71296K, reserved 1112064K
  class space    used 8953K, capacity 9495K, committed 9600K, reserved 1048576K
Event: 5838.156 GC heap after
Heap after GC invocations=31 (full 7):
 PSYoungGen      total 348672K, used 35066K [0x00000000e0000000, 0x00000000fbf00000, 0x0000000100000000)
  eden space 297984K, 0% used [0x00000000e0000000,0x00000000e0000000,0x00000000f2300000)
  from space 50688K, 69% used [0x00000000f6500000,0x00000000f873e938,0x00000000f9680000)
  to   space 67584K, 0% used [0x00000000f2300000,0x00000000f2300000,0x00000000f6500000)
 ParOldGen       total 181248K, used 104580K [0x00000000a0000000, 0x00000000ab100000, 0x00000000e0000000)
  object space 181248K, 57% used [0x00000000a0000000,0x00000000a66210f8,0x00000000ab100000)
 Metaspace       used 68176K, capacity 70928K, committed 71296K, reserved 1112064K
  class space    used 8953K, capacity 9495K, committed 9600K, reserved 1048576K
}
Event: 5840.167 GC heap before
{Heap before GC invocations=32 (full 7):
 PSYoungGen      total 348672K, used 333050K [0x00000000e0000000, 0x00000000fbf00000, 0x0000000100000000)
  eden space 297984K, 100% used [0x00000000e0000000,0x00000000f2300000,0x00000000f2300000)
  from space 50688K, 69% used [0x00000000f6500000,0x00000000f873e938,0x00000000f9680000)
  to   space 67584K, 0% used [0x00000000f2300000,0x00000000f2300000,0x00000000f6500000)
 ParOldGen       total 181248K, used 104580K [0x00000000a0000000, 0x00000000ab100000, 0x00000000e0000000)
  object space 181248K, 57% used [0x00000000a0000000,0x00000000a66210f8,0x00000000ab100000)
 Metaspace       used 68211K, capacity 70992K, committed 71296K, reserved 1112064K
  class space    used 8953K, capacity 9495K, committed 9600K, reserved 1048576K
Event: 5840.324 GC heap after
Heap after GC invocations=32 (full 7):
 PSYoungGen      total 365568K, used 56287K [0x00000000e0000000, 0x00000000fff80000, 0x0000000100000000)
  eden space 297984K, 0% used [0x00000000e0000000,0x00000000e0000000,0x00000000f2300000)
  from space 67584K, 83% used [0x00000000f2300000,0x00000000f59f7c50,0x00000000f6500000)
  to   space 75264K, 0% used [0x00000000fb600000,0x00000000fb600000,0x00000000fff80000)
 ParOldGen       total 181248K, used 109484K [0x00000000a0000000, 0x00000000ab100000, 0x00000000e0000000)
  object space 181248K, 60% used [0x00000000a0000000,0x00000000a6aeb118,0x00000000ab100000)
 Metaspace       used 68211K, capacity 70992K, committed 71296K, reserved 1112064K
  class space    used 8953K, capacity 9495K, committed 9600K, reserved 1048576K
}
Event: 5846.178 GC heap before
{Heap before GC invocations=33 (full 7):
 PSYoungGen      total 365568K, used 353371K [0x00000000e0000000, 0x00000000fff80000, 0x0000000100000000)
  eden space 297984K, 99% used [0x00000000e0000000,0x00000000f221f2c8,0x00000000f2300000)
  from space 67584K, 83% used [0x00000000f2300000,0x00000000f59f7c50,0x00000000f6500000)
  to   space 75264K, 0% used [0x00000000fb600000,0x00000000fb600000,0x00000000fff80000)
 ParOldGen       total 181248K, used 109484K [0x00000000a0000000, 0x00000000ab100000, 0x00000000e0000000)
  object space 181248K, 60% used [0x00000000a0000000,0x00000000a6aeb118,0x00000000ab100000)
 Metaspace       used 70375K, capacity 73344K, committed 73600K, reserved 1114112K
  class space    used 9253K, capacity 9793K, committed 9856K, reserved 1048576K
Event: 5846.272 GC heap after
Heap after GC invocations=33 (full 7):
 PSYoungGen      total 432128K, used 14332K [0x00000000e0000000, 0x00000000ff500000, 0x0000000100000000)
  eden space 367616K, 0% used [0x00000000e0000000,0x00000000e0000000,0x00000000f6700000)
  from space 64512K, 22% used [0x00000000fb600000,0x00000000fc3ff048,0x00000000ff500000)
  to   space 72704K, 0% used [0x00000000f6700000,0x00000000f6700000,0x00000000fae00000)
 ParOldGen       total 181248K, used 145155K [0x00000000a0000000, 0x00000000ab100000, 0x00000000e0000000)
  object space 181248K, 80% used [0x00000000a0000000,0x00000000a8dc0f80,0x00000000ab100000)
 Metaspace       used 70375K, capacity 73344K, committed 73600K, reserved 1114112K
  class space    used 9253K, capacity 9793K, committed 9856K, reserved 1048576K
}
Event: 5847.695 GC heap before
{Heap before GC invocations=34 (full 7):
 PSYoungGen      total 432128K, used 125070K [0x00000000e0000000, 0x00000000ff500000, 0x0000000100000000)
  eden space 367616K, 30% used [0x00000000e0000000,0x00000000e6c24ba8,0x00000000f6700000)
  from space 64512K, 22% used [0x00000000fb600000,0x00000000fc3ff048,0x00000000ff500000)
  to   space 72704K, 0% used [0x00000000f6700000,0x00000000f6700000,0x00000000fae00000)
 ParOldGen       total 181248K, used 145155K [0x00000000a0000000, 0x00000000ab100000, 0x00000000e0000000)
  object space 181248K, 80% used [0x00000000a0000000,0x00000000a8dc0f80,0x00000000ab100000)
 Metaspace       used 70464K, capacity 73404K, committed 73728K, reserved 1114112K
  class space    used 9272K, capacity 9831K, committed 9984K, reserved 1048576K
Event: 5847.715 GC heap after
Heap after GC invocations=34 (full 7):
 PSYoungGen      total 368128K, used 160K [0x00000000e0000000, 0x00000000ff400000, 0x0000000100000000)
  eden space 367616K, 0% used [0x00000000e0000000,0x00000000e0000000,0x00000000f6700000)
  from space 512K, 31% used [0x00000000f6700000,0x00000000f6728000,0x00000000f6780000)
  to   space 72192K, 0% used [0x00000000fad80000,0x00000000fad80000,0x00000000ff400000)
 ParOldGen       total 181248K, used 154817K [0x00000000a0000000, 0x00000000ab100000, 0x00000000e0000000)
  object space 181248K, 85% used [0x00000000a0000000,0x00000000a9730738,0x00000000ab100000)
 Metaspace       used 70464K, capacity 73404K, committed 73728K, reserved 1114112K
  class space    used 9272K, capacity 9831K, committed 9984K, reserved 1048576K
}
Event: 5847.716 GC heap before
{Heap before GC invocations=35 (full 8):
 PSYoungGen      total 368128K, used 160K [0x00000000e0000000, 0x00000000ff400000, 0x0000000100000000)
  eden space 367616K, 0% used [0x00000000e0000000,0x00000000e0000000,0x00000000f6700000)
  from space 512K, 31% used [0x00000000f6700000,0x00000000f6728000,0x00000000f6780000)
  to   space 72192K, 0% used [0x00000000fad80000,0x00000000fad80000,0x00000000ff400000)
 ParOldGen       total 181248K, used 154817K [0x00000000a0000000, 0x00000000ab100000, 0x00000000e0000000)
  object space 181248K, 85% used [0x00000000a0000000,0x00000000a9730738,0x00000000ab100000)
 Metaspace       used 70464K, capacity 73404K, committed 73728K, reserved 1114112K
  class space    used 9272K, capacity 9831K, committed 9984K, reserved 1048576K
Event: 5848.073 GC heap after
Heap after GC invocations=35 (full 8):
 PSYoungGen      total 368128K, used 0K [0x00000000e0000000, 0x00000000ff400000, 0x0000000100000000)
  eden space 367616K, 0% used [0x00000000e0000000,0x00000000e0000000,0x00000000f6700000)
  from space 512K, 0% used [0x00000000f6700000,0x00000000f6700000,0x00000000f6780000)
  to   space 72192K, 0% used [0x00000000fad80000,0x00000000fad80000,0x00000000ff400000)
 ParOldGen       total 181248K, used 48609K [0x00000000a0000000, 0x00000000ab100000, 0x00000000e0000000)
  object space 181248K, 26% used [0x00000000a0000000,0x00000000a2f786a8,0x00000000ab100000)
 Metaspace       used 70464K, capacity 73404K, committed 73728K, reserved 1114112K
  class space    used 9272K, capacity 9831K, committed 9984K, reserved 1048576K
}

Deoptimization events (10 events):
Event: 5939.977 Thread 0x000000005cce2000 Uncommon trap: reason=class_check action=maybe_recompile pc=0x00000000046cc774 method=java.io.DataOutputStream.writeBytes(Ljava/lang/String;)V @ 22
Event: 5940.183 Thread 0x000000005ccde800 Uncommon trap: reason=bimorphic action=maybe_recompile pc=0x0000000004f2b320 method=com.android.dx.merge.DexMerger$IdMerger.readIntoMap(Lcom/android/dex/Dex$Section;Lcom/android/dex/TableOfContents$Section;Lcom/android/dx/merge/IndexMap;ILjava/util/TreeMa
Event: 5940.183 Thread 0x000000005ccde800 Uncommon trap: reason=bimorphic action=maybe_recompile pc=0x0000000004f2b320 method=com.android.dx.merge.DexMerger$IdMerger.readIntoMap(Lcom/android/dex/Dex$Section;Lcom/android/dex/TableOfContents$Section;Lcom/android/dx/merge/IndexMap;ILjava/util/TreeMa
Event: 5940.183 Thread 0x000000005ccde800 Uncommon trap: reason=bimorphic action=maybe_recompile pc=0x0000000004f2b320 method=com.android.dx.merge.DexMerger$IdMerger.readIntoMap(Lcom/android/dex/Dex$Section;Lcom/android/dex/TableOfContents$Section;Lcom/android/dx/merge/IndexMap;ILjava/util/TreeMa
Event: 5940.183 Thread 0x000000005ccde800 Uncommon trap: reason=bimorphic action=maybe_recompile pc=0x0000000004f2b320 method=com.android.dx.merge.DexMerger$IdMerger.readIntoMap(Lcom/android/dex/Dex$Section;Lcom/android/dex/TableOfContents$Section;Lcom/android/dx/merge/IndexMap;ILjava/util/TreeMa
Event: 5940.352 Thread 0x000000005ccde800 Uncommon trap: reason=class_check action=maybe_recompile pc=0x0000000003771d34 method=java.lang.AbstractStringBuilder.append(Ljava/lang/CharSequence;)Ljava/lang/AbstractStringBuilder; @ 26
Event: 5940.352 Thread 0x000000005ccde800 Uncommon trap: reason=class_check action=maybe_recompile pc=0x0000000003735dd8 method=java.lang.AbstractStringBuilder.append(Ljava/lang/CharSequence;II)Ljava/lang/AbstractStringBuilder; @ 18
Event: 5940.767 Thread 0x0000000059ae2800 Uncommon trap: reason=bimorphic action=maybe_recompile pc=0x00000000036cffb0 method=java.io.DataInputStream.readUnsignedShort()I @ 4
Event: 5940.767 Thread 0x0000000059ae2800 Uncommon trap: reason=bimorphic action=maybe_recompile pc=0x00000000036cffb0 method=java.io.DataInputStream.readUnsignedShort()I @ 4
Event: 5940.767 Thread 0x0000000059ae2800 Uncommon trap: reason=unstable_if action=reinterpret pc=0x000000000462fc08 method=java.util.LinkedHashMap.afterNodeAccess(Ljava/util/HashMap$Node;)V @ 4

Internal exceptions (10 events):
Event: 5938.336 Thread 0x0000000059ae2800 Exception <a 'sun/nio/fs/WindowsException'> (0x00000000e4ebed28) thrown at [C:\re\workspace\8-2-build-windows-amd64-cygwin\jdk8u121\8372\hotspot\src\share\vm\prims\jni.cpp, line 709]
Event: 5938.336 Thread 0x0000000059ae2800 Exception <a 'sun/nio/fs/WindowsException'> (0x00000000e4ebf9d0) thrown at [C:\re\workspace\8-2-build-windows-amd64-cygwin\jdk8u121\8372\hotspot\src\share\vm\prims\jni.cpp, line 709]
Event: 5938.338 Thread 0x0000000059ae2800 Exception <a 'sun/nio/fs/WindowsException'> (0x00000000e4ec2f40) thrown at [C:\re\workspace\8-2-build-windows-amd64-cygwin\jdk8u121\8372\hotspot\src\share\vm\prims\jni.cpp, line 709]
Event: 5938.338 Thread 0x0000000059ae2800 Exception <a 'sun/nio/fs/WindowsException'> (0x00000000e4ec3b38) thrown at [C:\re\workspace\8-2-build-windows-amd64-cygwin\jdk8u121\8372\hotspot\src\share\vm\prims\jni.cpp, line 709]
Event: 5938.338 Thread 0x0000000059ae2800 Exception <a 'sun/nio/fs/WindowsException'> (0x00000000e4ec5778) thrown at [C:\re\workspace\8-2-build-windows-amd64-cygwin\jdk8u121\8372\hotspot\src\share\vm\prims\jni.cpp, line 709]
Event: 5938.338 Thread 0x0000000059ae2800 Exception <a 'sun/nio/fs/WindowsException'> (0x00000000e4ec63a8) thrown at [C:\re\workspace\8-2-build-windows-amd64-cygwin\jdk8u121\8372\hotspot\src\share\vm\prims\jni.cpp, line 709]
Event: 5938.338 Thread 0x0000000059ae2800 Exception <a 'sun/nio/fs/WindowsException'> (0x00000000e4ec8f68) thrown at [C:\re\workspace\8-2-build-windows-amd64-cygwin\jdk8u121\8372\hotspot\src\share\vm\prims\jni.cpp, line 709]
Event: 5938.338 Thread 0x0000000059ae2800 Exception <a 'sun/nio/fs/WindowsException'> (0x00000000e4ec9bd8) thrown at [C:\re\workspace\8-2-build-windows-amd64-cygwin\jdk8u121\8372\hotspot\src\share\vm\prims\jni.cpp, line 709]
Event: 5938.338 Thread 0x0000000059ae2800 Exception <a 'sun/nio/fs/WindowsException'> (0x00000000e4ecb890) thrown at [C:\re\workspace\8-2-build-windows-amd64-cygwin\jdk8u121\8372\hotspot\src\share\vm\prims\jni.cpp, line 709]
Event: 5938.339 Thread 0x0000000059ae2800 Exception <a 'sun/nio/fs/WindowsException'> (0x00000000e4ecc538) thrown at [C:\re\workspace\8-2-build-windows-amd64-cygwin\jdk8u121\8372\hotspot\src\share\vm\prims\jni.cpp, line 709]

Events (10 events):
Event: 5940.767 Thread 0x0000000059ae2800 DEOPT PACKING pc=0x00000000036cffb0 sp=0x000000005acdbd80
Event: 5940.767 Thread 0x0000000059ae2800 DEOPT UNPACKING pc=0x00000000028a582a sp=0x000000005acdbcd8 mode 2
Event: 5940.767 Thread 0x0000000059ae2800 Uncommon trap: trap_request=0xffffffc6 fr.pc=0x00000000036cffb0
Event: 5940.767 Thread 0x0000000059ae2800 DEOPT PACKING pc=0x00000000036cffb0 sp=0x000000005acdbd80
Event: 5940.767 Thread 0x0000000059ae2800 DEOPT UNPACKING pc=0x00000000028a582a sp=0x000000005acdbcd8 mode 2
Event: 5940.767 Thread 0x0000000059ae2800 Uncommon trap: trap_request=0xffffff65 fr.pc=0x000000000462fc08
Event: 5940.767 Thread 0x0000000059ae2800 DEOPT PACKING pc=0x000000000462fc08 sp=0x000000005acdbbf0
Event: 5940.767 Thread 0x0000000059ae2800 DEOPT UNPACKING pc=0x00000000028a582a sp=0x000000005acdbb68 mode 2
Event: 5940.768 Executing VM operation: RevokeBias
Event: 5940.768 Executing VM operation: RevokeBias done


Dynamic libraries:
0x000000013f4f0000 - 0x000000013f527000 	C:\Program Files\Java\jdk1.8.0_121\bin\java.exe
0x0000000077590000 - 0x0000000077739000 	C:\Windows\SYSTEM32\ntdll.dll
0x0000000077470000 - 0x000000007758f000 	C:\Windows\system32\kernel32.dll
0x000007fefd820000 - 0x000007fefd88b000 	C:\Windows\system32\KERNELBASE.dll
0x000007fefeae0000 - 0x000007fefebbb000 	C:\Windows\system32\ADVAPI32.dll
0x000007feff470000 - 0x000007feff50f000 	C:\Windows\system32\msvcrt.dll
0x000007feff510000 - 0x000007feff52f000 	C:\Windows\SYSTEM32\sechost.dll
0x000007feff640000 - 0x000007feff76d000 	C:\Windows\system32\RPCRT4.dll
0x0000000077370000 - 0x000000007746a000 	C:\Windows\system32\USER32.dll
0x000007fefea70000 - 0x000007fefead7000 	C:\Windows\system32\GDI32.dll
0x000007feff5b0000 - 0x000007feff5be000 	C:\Windows\system32\LPK.dll
0x000007feff3a0000 - 0x000007feff469000 	C:\Windows\system32\USP10.dll
0x000007fefbc10000 - 0x000007fefbe04000 	C:\Windows\WinSxS\amd64_microsoft.windows.common-controls_6595b64144ccf1df_6.0.7601.17514_none_fa396087175ac9ac\COMCTL32.dll
0x000007feff530000 - 0x000007feff5a1000 	C:\Windows\system32\SHLWAPI.dll
0x000007feff0f0000 - 0x000007feff11e000 	C:\Windows\system32\IMM32.DLL
0x000007fefd8d0000 - 0x000007fefd9d9000 	C:\Windows\system32\MSCTF.dll
0x0000000073660000 - 0x0000000073732000 	C:\Program Files\Java\jdk1.8.0_121\jre\bin\msvcr100.dll
0x0000000066920000 - 0x00000000671bb000 	C:\Program Files\Java\jdk1.8.0_121\jre\bin\server\jvm.dll
0x000007fef8e80000 - 0x000007fef8e89000 	C:\Windows\system32\WSOCK32.dll
0x000007fefebc0000 - 0x000007fefec0d000 	C:\Windows\system32\WS2_32.dll
0x000007feff390000 - 0x000007feff398000 	C:\Windows\system32\NSI.dll
0x000007fef9b80000 - 0x000007fef9bbb000 	C:\Windows\system32\WINMM.dll
0x000007fefc6a0000 - 0x000007fefc6ac000 	C:\Windows\system32\VERSION.dll
0x0000000077750000 - 0x0000000077757000 	C:\Windows\system32\PSAPI.DLL
0x0000000074ef0000 - 0x0000000074eff000 	C:\Program Files\Java\jdk1.8.0_121\jre\bin\verify.dll
0x0000000073e80000 - 0x0000000073ea9000 	C:\Program Files\Java\jdk1.8.0_121\jre\bin\java.dll
0x0000000074c10000 - 0x0000000074c26000 	C:\Program Files\Java\jdk1.8.0_121\jre\bin\zip.dll
0x000007fefdce0000 - 0x000007fefea68000 	C:\Windows\system32\SHELL32.dll
0x000007feff120000 - 0x000007feff323000 	C:\Windows\system32\ole32.dll
0x000007fefd4e0000 - 0x000007fefd4ef000 	C:\Windows\system32\profapi.dll
0x0000000074ae0000 - 0x0000000074afa000 	C:\Program Files\Java\jdk1.8.0_121\jre\bin\net.dll
0x000007fefcd50000 - 0x000007fefcda5000 	C:\Windows\system32\mswsock.dll
0x000007fefcd40000 - 0x000007fefcd47000 	C:\Windows\System32\wship6.dll
0x0000000074b00000 - 0x0000000074b11000 	C:\Program Files\Java\jdk1.8.0_121\jre\bin\nio.dll
0x000007feeb250000 - 0x000007feeb262000 	C:\Users\welcome\.gradle\native\19\windows-amd64\native-platform.dll
0x000007fefcdb0000 - 0x000007fefcdc7000 	C:\Windows\system32\CRYPTSP.dll
0x000007fefca70000 - 0x000007fefcab7000 	C:\Windows\system32\rsaenh.dll
0x000007fefc8f0000 - 0x000007fefc90e000 	C:\Windows\system32\USERENV.dll
0x000007fefd410000 - 0x000007fefd41f000 	C:\Windows\system32\CRYPTBASE.dll
0x000007fefc670000 - 0x000007fefc697000 	C:\Windows\system32\IPHLPAPI.DLL
0x000007fefc660000 - 0x000007fefc66b000 	C:\Windows\system32\WINNSI.DLL
0x000007fefc5f0000 - 0x000007fefc608000 	C:\Windows\system32\dhcpcsvc.DLL
0x000007fefaba0000 - 0x000007fefabb1000 	C:\Windows\system32\dhcpcsvc6.DLL
0x00000000718b0000 - 0x00000000718bd000 	C:\Program Files\Java\jdk1.8.0_121\jre\bin\management.dll
0x000007fefd3b0000 - 0x000007fefd407000 	C:\Windows\system32\apphelp.dll
0x000007fefac40000 - 0x000007fefad65000 	C:\Windows\system32\dbghelp.dll

VM Arguments:
jvm_args: -Xmx1536m -Dfile.encoding=windows-1252 -Duser.country=US -Duser.language=en -Duser.variant 
java_command: org.gradle.launcher.daemon.bootstrap.GradleDaemon 2.14.1
java_class_path (initial): C:\Program Files\Android\Android Studio\gradle\gradle-2.14.1\lib\gradle-launcher-2.14.1.jar
Launcher Type: SUN_STANDARD

Environment Variables:
PATH=C:\ProgramData\Oracle\Java\javapath;C:\Windows\system32;C:\Windows;C:\Windows\System32\Wbem;C:\Windows\System32\WindowsPowerShell\v1.0\;C:\Program Files\Java\jdk1.8.0_121\bin
USERNAME=welcome
OS=Windows_NT
PROCESSOR_IDENTIFIER=Intel64 Family 6 Model 58 Stepping 9, GenuineIntel



---------------  S Y S T E M  ---------------

OS: Windows 7 , 64 bit Build 7601 (6.1.7601.17514)

CPU:total 4 (2 cores per cpu, 2 threads per core) family 6 model 58 stepping 9, cmov, cx8, fxsr, mmx, sse, sse2, sse3, ssse3, sse4.1, sse4.2, popcnt, avx, clmul, erms, ht, tsc, tscinvbit, tscinv

Memory: 4k page, physical 4083996k(602824k free), swap 8166148k(3593752k free)

vm_info: Java HotSpot(TM) 64-Bit Server VM (25.121-b13) for windows-amd64 JRE (1.8.0_121-b13), built on Dec 12 2016 18:21:36 by "java_re" with MS VC++ 10.0 (VS2010)

time: Thu Feb 02 10:56:59 2017
elapsed time: 5941 seconds (0d 1h 39m 1s)

